<?xml version="1.0" encoding="UTF-8"?>
<!-- Generated by org.testng.reporters.JUnitReportReporter -->
<testsuite hostname="USER-15" failures="0" tests="1" name="runner.TestRunner2" time="16.079" errors="0" timestamp="2024-11-28T00:03:19 IST" skipped="0">
  <testcase classname="runner.TestRunner2" name="runScenario" time="16.079"/>
</testsuite> <!-- runner.TestRunner2 -->
