<?xml version="1.0" encoding="UTF-8"?>
<!-- Generated by org.testng.reporters.JUnitReportReporter -->
<testsuite hostname="USER-15" failures="0" tests="16" name="runner.TestRunner1" time="254.990" errors="0" timestamp="2024-12-02T18:14:43 IST" skipped="0">
  <testcase classname="runner.TestRunner1" name="runScenario" time="12.443"/>
  <testcase classname="runner.TestRunner1" name="runScenario" time="21.169"/>
  <testcase classname="runner.TestRunner1" name="runScenario" time="9.878"/>
  <testcase classname="runner.TestRunner1" name="runScenario" time="17.409"/>
  <testcase classname="runner.TestRunner1" name="runScenario" time="6.146"/>
  <testcase classname="runner.TestRunner1" name="runScenario" time="17.096"/>
  <testcase classname="runner.TestRunner1" name="runScenario" time="12.810"/>
  <testcase classname="runner.TestRunner1" name="runScenario" time="22.464"/>
  <testcase classname="runner.TestRunner1" name="runScenario" time="8.315"/>
  <testcase classname="runner.TestRunner1" name="runScenario" time="17.535"/>
  <testcase classname="runner.TestRunner1" name="runScenario" time="31.735"/>
  <testcase classname="runner.TestRunner1" name="runScenario" time="16.990"/>
  <testcase classname="runner.TestRunner1" name="runScenario" time="12.127"/>
  <testcase classname="runner.TestRunner1" name="runScenario" time="31.819"/>
  <testcase classname="runner.TestRunner1" name="runScenario" time="8.608"/>
  <testcase classname="runner.TestRunner1" name="runScenario" time="8.446"/>
</testsuite> <!-- runner.TestRunner1 -->
